mode: atomic
github.com/adobromilskiy/pingatus/cmd/pingatus/main.go:21.13,24.33 2 0
github.com/adobromilskiy/pingatus/cmd/pingatus/main.go:24.33,27.3 2 0
github.com/adobromilskiy/pingatus/cmd/pingatus/main.go:30.37,35.16 4 0
github.com/adobromilskiy/pingatus/cmd/pingatus/main.go:35.16,37.3 1 0
github.com/adobromilskiy/pingatus/cmd/pingatus/main.go:39.2,43.23 3 0
github.com/adobromilskiy/pingatus/cmd/pingatus/main.go:43.23,45.3 1 0
github.com/adobromilskiy/pingatus/cmd/pingatus/main.go:47.2,50.16 3 0
github.com/adobromilskiy/pingatus/cmd/pingatus/main.go:50.16,52.3 1 0
github.com/adobromilskiy/pingatus/cmd/pingatus/main.go:54.2,56.36 2 0
github.com/adobromilskiy/pingatus/cmd/pingatus/main.go:56.36,58.3 1 0
github.com/adobromilskiy/pingatus/cmd/pingatus/main.go:60.2,63.16 3 0
github.com/adobromilskiy/pingatus/cmd/pingatus/main.go:63.16,65.3 1 0
github.com/adobromilskiy/pingatus/cmd/pingatus/main.go:67.2,73.20 4 0
github.com/adobromilskiy/pingatus/cmd/pingatus/main.go:73.20,81.3 3 0
github.com/adobromilskiy/pingatus/cmd/pingatus/main.go:83.2,83.20 1 0
github.com/adobromilskiy/pingatus/cmd/pingatus/main.go:83.20,87.3 2 0
github.com/adobromilskiy/pingatus/cmd/pingatus/main.go:89.2,89.20 1 0
github.com/adobromilskiy/pingatus/cmd/pingatus/main.go:89.20,93.3 2 0
github.com/adobromilskiy/pingatus/cmd/pingatus/main.go:95.2,95.17 1 0
github.com/adobromilskiy/pingatus/cmd/pingatus/main.go:98.45,101.28 2 0
github.com/adobromilskiy/pingatus/cmd/pingatus/main.go:102.32,103.32 1 0
github.com/adobromilskiy/pingatus/cmd/pingatus/main.go:104.31,105.31 1 0
github.com/adobromilskiy/pingatus/cmd/pingatus/main.go:106.31,107.31 1 0
github.com/adobromilskiy/pingatus/cmd/pingatus/main.go:108.32,109.32 1 0
github.com/adobromilskiy/pingatus/cmd/pingatus/main.go:110.10,111.31 1 0
github.com/adobromilskiy/pingatus/cmd/pingatus/main.go:114.2,114.18 1 0
github.com/adobromilskiy/pingatus/internal/mocks/logger.go:8.32,10.2 1 0
github.com/adobromilskiy/pingatus/internal/mocks/notifier.go:10.60,12.2 1 0
github.com/adobromilskiy/pingatus/internal/mocks/storage.go:13.73,14.25 1 0
github.com/adobromilskiy/pingatus/internal/mocks/storage.go:14.25,16.3 1 0
github.com/adobromilskiy/pingatus/internal/mocks/storage.go:18.2,18.12 1 0
github.com/adobromilskiy/pingatus/internal/mocks/storage.go:21.73,23.2 1 0
github.com/adobromilskiy/pingatus/internal/mocks/storage.go:25.109,26.20 1 0
github.com/adobromilskiy/pingatus/internal/mocks/storage.go:26.20,28.3 1 0
github.com/adobromilskiy/pingatus/internal/mocks/storage.go:30.2,42.8 1 0
github.com/adobromilskiy/pingatus/internal/config/config.go:47.30,49.20 2 4
github.com/adobromilskiy/pingatus/internal/config/config.go:49.20,51.3 1 1
github.com/adobromilskiy/pingatus/internal/config/config.go:53.2,54.16 2 3
github.com/adobromilskiy/pingatus/internal/config/config.go:54.16,56.3 1 1
github.com/adobromilskiy/pingatus/internal/config/config.go:58.2,61.16 3 2
github.com/adobromilskiy/pingatus/internal/config/config.go:61.16,63.3 1 1
github.com/adobromilskiy/pingatus/internal/config/config.go:65.2,65.18 1 1
github.com/adobromilskiy/pingatus/internal/mocks/logger.go:8.32,10.2 1 8
github.com/adobromilskiy/pingatus/internal/mocks/notifier.go:10.60,12.2 1 0
github.com/adobromilskiy/pingatus/internal/mocks/storage.go:13.73,14.25 1 0
github.com/adobromilskiy/pingatus/internal/mocks/storage.go:14.25,16.3 1 0
github.com/adobromilskiy/pingatus/internal/mocks/storage.go:18.2,18.12 1 0
github.com/adobromilskiy/pingatus/internal/mocks/storage.go:21.73,23.2 1 0
github.com/adobromilskiy/pingatus/internal/mocks/storage.go:25.109,26.20 1 0
github.com/adobromilskiy/pingatus/internal/mocks/storage.go:26.20,28.3 1 0
github.com/adobromilskiy/pingatus/internal/mocks/storage.go:30.2,42.8 1 0
github.com/adobromilskiy/pingatus/internal/notifier/notifier.go:22.72,25.18 2 4
github.com/adobromilskiy/pingatus/internal/notifier/notifier.go:26.18,27.28 1 3
github.com/adobromilskiy/pingatus/internal/notifier/notifier.go:27.28,29.4 1 1
github.com/adobromilskiy/pingatus/internal/notifier/notifier.go:31.3,31.29 1 2
github.com/adobromilskiy/pingatus/internal/notifier/notifier.go:31.29,33.4 1 1
github.com/adobromilskiy/pingatus/internal/notifier/notifier.go:35.3,35.56 1 1
github.com/adobromilskiy/pingatus/internal/notifier/notifier.go:37.10,38.61 1 1
github.com/adobromilskiy/pingatus/internal/notifier/notifier.go:41.2,41.22 1 1
github.com/adobromilskiy/pingatus/internal/notifier/telegram.go:18.67,24.2 3 2
github.com/adobromilskiy/pingatus/internal/notifier/telegram.go:26.58,35.16 4 3
github.com/adobromilskiy/pingatus/internal/notifier/telegram.go:35.16,39.3 2 1
github.com/adobromilskiy/pingatus/internal/notifier/telegram.go:40.2,42.38 2 2
github.com/adobromilskiy/pingatus/internal/notifier/telegram.go:42.38,44.3 1 1
github.com/adobromilskiy/pingatus/internal/mocks/logger.go:8.32,10.2 1 4
github.com/adobromilskiy/pingatus/internal/mocks/notifier.go:10.60,12.2 1 0
github.com/adobromilskiy/pingatus/internal/mocks/storage.go:13.73,14.25 1 0
github.com/adobromilskiy/pingatus/internal/mocks/storage.go:14.25,16.3 1 0
github.com/adobromilskiy/pingatus/internal/mocks/storage.go:18.2,18.12 1 0
github.com/adobromilskiy/pingatus/internal/mocks/storage.go:21.73,23.2 1 0
github.com/adobromilskiy/pingatus/internal/mocks/storage.go:25.109,26.20 1 0
github.com/adobromilskiy/pingatus/internal/mocks/storage.go:26.20,28.3 1 0
github.com/adobromilskiy/pingatus/internal/mocks/storage.go:30.2,42.8 1 0
github.com/adobromilskiy/pingatus/internal/storage/sqlite/endpoint.go:15.49,24.16 2 2
github.com/adobromilskiy/pingatus/internal/storage/sqlite/endpoint.go:24.16,26.3 1 0
github.com/adobromilskiy/pingatus/internal/storage/sqlite/endpoint.go:28.2,30.8 1 2
github.com/adobromilskiy/pingatus/internal/storage/sqlite/endpoint.go:33.72,41.16 3 2
github.com/adobromilskiy/pingatus/internal/storage/sqlite/endpoint.go:41.16,43.3 1 1
github.com/adobromilskiy/pingatus/internal/storage/sqlite/endpoint.go:45.2,45.12 1 1
github.com/adobromilskiy/pingatus/internal/storage/sqlite/endpoint.go:48.72,52.16 3 4
github.com/adobromilskiy/pingatus/internal/storage/sqlite/endpoint.go:52.16,54.3 1 1
github.com/adobromilskiy/pingatus/internal/storage/sqlite/endpoint.go:56.2,60.18 3 3
github.com/adobromilskiy/pingatus/internal/storage/sqlite/endpoint.go:60.18,62.42 2 4
github.com/adobromilskiy/pingatus/internal/storage/sqlite/endpoint.go:62.42,64.4 1 1
github.com/adobromilskiy/pingatus/internal/storage/sqlite/endpoint.go:66.3,66.30 1 3
github.com/adobromilskiy/pingatus/internal/storage/sqlite/endpoint.go:69.2,71.35 2 2
github.com/adobromilskiy/pingatus/internal/storage/sqlite/endpoint.go:71.35,73.3 1 1
github.com/adobromilskiy/pingatus/internal/storage/sqlite/endpoint.go:75.2,75.19 1 1
github.com/adobromilskiy/pingatus/internal/storage/sqlite/endpoint.go:78.108,82.16 3 4
github.com/adobromilskiy/pingatus/internal/storage/sqlite/endpoint.go:82.16,84.3 1 1
github.com/adobromilskiy/pingatus/internal/storage/sqlite/endpoint.go:86.2,90.18 3 3
github.com/adobromilskiy/pingatus/internal/storage/sqlite/endpoint.go:90.18,92.92 2 3
github.com/adobromilskiy/pingatus/internal/storage/sqlite/endpoint.go:92.92,94.4 1 1
github.com/adobromilskiy/pingatus/internal/storage/sqlite/endpoint.go:96.3,96.29 1 2
github.com/adobromilskiy/pingatus/internal/storage/sqlite/endpoint.go:99.2,101.35 2 2
github.com/adobromilskiy/pingatus/internal/storage/sqlite/endpoint.go:101.35,103.3 1 1
github.com/adobromilskiy/pingatus/internal/storage/sqlite/endpoint.go:105.2,105.18 1 1
github.com/adobromilskiy/pingatus/internal/storage/sqlite/sqlite.go:25.43,30.2 1 3
github.com/adobromilskiy/pingatus/internal/storage/sqlite/sqlite.go:32.46,36.16 3 2
github.com/adobromilskiy/pingatus/internal/storage/sqlite/sqlite.go:36.16,38.3 1 1
github.com/adobromilskiy/pingatus/internal/storage/sqlite/sqlite.go:40.2,42.12 2 1
github.com/adobromilskiy/pingatus/internal/storage/sqlite/sqlite.go:45.47,48.17 2 2
github.com/adobromilskiy/pingatus/internal/storage/sqlite/sqlite.go:48.17,50.3 1 1
github.com/adobromilskiy/pingatus/internal/storage/sqlite/sqlite.go:52.2,53.16 2 1
github.com/adobromilskiy/pingatus/internal/storage/sqlite/sqlite.go:53.16,55.3 1 0
github.com/adobromilskiy/pingatus/internal/storage/sqlite/sqlite.go:57.2,57.12 1 1
github.com/adobromilskiy/pingatus/internal/storage/sqlite/sqlite.go:60.28,62.2 1 0
github.com/adobromilskiy/pingatus/internal/mocks/logger.go:8.32,10.2 1 3
github.com/adobromilskiy/pingatus/internal/mocks/notifier.go:10.60,12.2 1 0
github.com/adobromilskiy/pingatus/internal/mocks/storage.go:13.73,14.25 1 6
github.com/adobromilskiy/pingatus/internal/mocks/storage.go:14.25,16.3 1 4
github.com/adobromilskiy/pingatus/internal/mocks/storage.go:18.2,18.12 1 2
github.com/adobromilskiy/pingatus/internal/mocks/storage.go:21.73,23.2 1 0
github.com/adobromilskiy/pingatus/internal/mocks/storage.go:25.109,26.20 1 0
github.com/adobromilskiy/pingatus/internal/mocks/storage.go:26.20,28.3 1 0
github.com/adobromilskiy/pingatus/internal/mocks/storage.go:30.2,42.8 1 0
github.com/adobromilskiy/pingatus/internal/pinger/http.go:24.62,25.21 1 6
github.com/adobromilskiy/pingatus/internal/pinger/http.go:25.21,27.3 1 2
github.com/adobromilskiy/pingatus/internal/pinger/http.go:29.2,29.22 1 4
github.com/adobromilskiy/pingatus/internal/pinger/http.go:29.22,31.3 1 1
github.com/adobromilskiy/pingatus/internal/pinger/http.go:33.2,33.30 1 3
github.com/adobromilskiy/pingatus/internal/pinger/http.go:36.71,48.16 4 6
github.com/adobromilskiy/pingatus/internal/pinger/http.go:48.16,50.3 1 1
github.com/adobromilskiy/pingatus/internal/pinger/http.go:52.2,53.16 2 5
github.com/adobromilskiy/pingatus/internal/pinger/http.go:53.16,57.3 2 1
github.com/adobromilskiy/pingatus/internal/pinger/http.go:58.2,62.22 3 4
github.com/adobromilskiy/pingatus/internal/pinger/icmp.go:21.62,22.26 1 6
github.com/adobromilskiy/pingatus/internal/pinger/icmp.go:22.26,24.3 1 2
github.com/adobromilskiy/pingatus/internal/pinger/icmp.go:26.2,27.16 2 4
github.com/adobromilskiy/pingatus/internal/pinger/icmp.go:27.16,29.3 1 2
github.com/adobromilskiy/pingatus/internal/pinger/icmp.go:31.2,34.8 1 2
github.com/adobromilskiy/pingatus/internal/pinger/icmp.go:37.69,46.39 3 5
github.com/adobromilskiy/pingatus/internal/pinger/icmp.go:46.39,48.3 1 0
github.com/adobromilskiy/pingatus/internal/pinger/icmp.go:50.2,54.22 3 5
github.com/adobromilskiy/pingatus/internal/pinger/pinger.go:25.110,27.2 1 3
github.com/adobromilskiy/pingatus/internal/pinger/pinger.go:29.44,31.26 2 3
github.com/adobromilskiy/pingatus/internal/pinger/pinger.go:31.26,34.38 2 5
github.com/adobromilskiy/pingatus/internal/pinger/pinger.go:34.38,37.20 2 5
github.com/adobromilskiy/pingatus/internal/pinger/pinger.go:38.16,40.19 2 2
github.com/adobromilskiy/pingatus/internal/pinger/pinger.go:40.19,49.6 2 1
github.com/adobromilskiy/pingatus/internal/pinger/pinger.go:51.5,57.28 2 1
github.com/adobromilskiy/pingatus/internal/pinger/pinger.go:58.16,60.19 2 3
github.com/adobromilskiy/pingatus/internal/pinger/pinger.go:60.19,69.6 2 2
github.com/adobromilskiy/pingatus/internal/pinger/pinger.go:71.5,77.28 2 1
github.com/adobromilskiy/pingatus/internal/pinger/pinger.go:82.2,84.54 2 3
github.com/adobromilskiy/pingatus/internal/pinger/pinger.go:87.87,92.6 3 2
github.com/adobromilskiy/pingatus/internal/pinger/pinger.go:92.6,93.10 1 8
github.com/adobromilskiy/pingatus/internal/pinger/pinger.go:94.21,97.10 2 2
github.com/adobromilskiy/pingatus/internal/pinger/pinger.go:98.19,102.18 3 6
github.com/adobromilskiy/pingatus/internal/pinger/pinger.go:102.18,110.13 2 0
github.com/adobromilskiy/pingatus/internal/pinger/pinger.go:113.4,113.41 1 6
github.com/adobromilskiy/pingatus/internal/pinger/pinger.go:113.41,117.5 2 0
github.com/adobromilskiy/pingatus/internal/pinger/pinger.go:119.4,119.41 1 6
github.com/adobromilskiy/pingatus/internal/pinger/pinger.go:119.41,123.5 2 0
github.com/adobromilskiy/pingatus/internal/pinger/pinger.go:125.4,126.18 2 6
github.com/adobromilskiy/pingatus/internal/pinger/pinger.go:126.18,133.5 1 4
github.com/adobromilskiy/pingatus/internal/mocks/logger.go:8.32,10.2 1 2
github.com/adobromilskiy/pingatus/internal/mocks/notifier.go:10.60,12.2 1 0
github.com/adobromilskiy/pingatus/internal/mocks/storage.go:13.73,14.25 1 0
github.com/adobromilskiy/pingatus/internal/mocks/storage.go:14.25,16.3 1 0
github.com/adobromilskiy/pingatus/internal/mocks/storage.go:18.2,18.12 1 0
github.com/adobromilskiy/pingatus/internal/mocks/storage.go:21.73,23.2 1 2
github.com/adobromilskiy/pingatus/internal/mocks/storage.go:25.109,26.20 1 2
github.com/adobromilskiy/pingatus/internal/mocks/storage.go:26.20,28.3 1 1
github.com/adobromilskiy/pingatus/internal/mocks/storage.go:30.2,42.8 1 1
github.com/adobromilskiy/pingatus/internal/server/handler.go:11.71,13.16 2 2
github.com/adobromilskiy/pingatus/internal/server/handler.go:13.16,16.3 2 0
github.com/adobromilskiy/pingatus/internal/server/handler.go:18.2,19.16 2 2
github.com/adobromilskiy/pingatus/internal/server/handler.go:19.16,22.3 2 0
github.com/adobromilskiy/pingatus/internal/server/handler.go:25.75,27.20 2 3
github.com/adobromilskiy/pingatus/internal/server/handler.go:27.20,31.3 2 1
github.com/adobromilskiy/pingatus/internal/server/handler.go:33.2,36.16 3 2
github.com/adobromilskiy/pingatus/internal/server/handler.go:36.16,41.3 3 1
github.com/adobromilskiy/pingatus/internal/server/handler.go:43.2,47.30 4 1
github.com/adobromilskiy/pingatus/internal/server/handler.go:47.30,48.15 1 2
github.com/adobromilskiy/pingatus/internal/server/handler.go:48.15,50.4 1 2
github.com/adobromilskiy/pingatus/internal/server/handler.go:53.2,62.16 3 1
github.com/adobromilskiy/pingatus/internal/server/handler.go:62.16,65.3 2 0
github.com/adobromilskiy/pingatus/internal/server/handler.go:68.55,70.16 2 3
github.com/adobromilskiy/pingatus/internal/server/handler.go:70.16,72.3 1 0
github.com/adobromilskiy/pingatus/internal/server/handler.go:74.2,79.16 5 3
github.com/adobromilskiy/pingatus/internal/server/handler.go:79.16,81.3 1 0
github.com/adobromilskiy/pingatus/internal/server/handler.go:83.2,83.12 1 3
github.com/adobromilskiy/pingatus/internal/server/server.go:21.64,23.2 1 1
github.com/adobromilskiy/pingatus/internal/server/server.go:25.43,31.12 2 1
github.com/adobromilskiy/pingatus/internal/server/server.go:31.12,33.43 2 1
github.com/adobromilskiy/pingatus/internal/server/server.go:33.43,35.4 1 0
github.com/adobromilskiy/pingatus/internal/server/server.go:37.3,37.50 1 1
github.com/adobromilskiy/pingatus/internal/server/server.go:40.2,42.62 2 1
github.com/adobromilskiy/pingatus/internal/server/server.go:42.62,44.3 1 0
github.com/adobromilskiy/pingatus/internal/server/server.go:46.2,46.49 1 1
github.com/adobromilskiy/pingatus/internal/server/server.go:49.40,55.2 5 1
github.com/adobromilskiy/pingatus/internal/server/types.go:21.52,22.25 1 3
github.com/adobromilskiy/pingatus/internal/server/types.go:22.25,24.3 1 1
github.com/adobromilskiy/pingatus/internal/server/types.go:26.2,30.37 4 2
github.com/adobromilskiy/pingatus/internal/server/types.go:30.37,32.24 2 4
github.com/adobromilskiy/pingatus/internal/server/types.go:32.24,33.23 1 3
github.com/adobromilskiy/pingatus/internal/server/types.go:33.23,36.5 2 1
github.com/adobromilskiy/pingatus/internal/server/types.go:37.4,39.14 3 3
github.com/adobromilskiy/pingatus/internal/server/types.go:41.3,42.22 2 4
github.com/adobromilskiy/pingatus/internal/server/types.go:42.22,44.4 1 3
github.com/adobromilskiy/pingatus/internal/server/types.go:46.3,46.46 1 4
github.com/adobromilskiy/pingatus/internal/server/types.go:46.46,49.4 2 3
github.com/adobromilskiy/pingatus/internal/server/types.go:52.2,53.30 2 2
github.com/adobromilskiy/pingatus/internal/server/types.go:56.35,63.15 5 4
github.com/adobromilskiy/pingatus/internal/server/types.go:63.15,65.3 1 3
github.com/adobromilskiy/pingatus/internal/server/types.go:67.2,67.17 1 4
github.com/adobromilskiy/pingatus/internal/server/types.go:67.17,69.3 1 3
github.com/adobromilskiy/pingatus/internal/server/types.go:69.8,71.3 1 1
github.com/adobromilskiy/pingatus/internal/server/types.go:73.2,73.15 1 4
